<?xml version="1.0" encoding="UTF-8" ?>
<testsuite tests="6" failures="0" name="eapli.base.clientusermanagement.domain.ClientUserTest" time="0.173" errors="0" skipped="0">
  <properties>
[...]
</properties>
  <testcase classname="eapli.base.clientusermanagement.domain.ClientUserTest" name="ensureClientUserEqualsAreTheSameForTheSameInstance" time="0"/>
  <testcase classname="eapli.base.clientusermanagement.domain.ClientUserTest" name="ensureClientUserIsTheSameAsItsInstance" time="0.157"/>
  <testcase classname="eapli.base.clientusermanagement.domain.ClientUserTest" name="ensureClientUserEqualsFailsForDifferenteMecanographicNumber" time="0"/>
  <testcase classname="eapli.base.clientusermanagement.domain.ClientUserTest" name="ensureClientUserEqualsPassesForTheSameMecanographicNumber" time="0"/>
  <testcase classname="eapli.base.clientusermanagement.domain.ClientUserTest" name="ensureTwoClientUserWithDifferentMecanographicNumbersAreNotTheSame" time="0.016"/>
  <testcase classname="eapli.base.clientusermanagement.domain.ClientUserTest" name="ensureClientUserEqualsFailsForDifferenteObjectTypes" time="0"/>
</testsuite>